
> smart-task-manager-frontend@0.1.0 dev
> next dev

[32m✔[0m [33mConsole Ninja[0m extension is connected to [33mNext.js[0m, see [36mhttps://tinyurl.com/2vt8jxzw[0m
[33mPRO FEATURES[0m are enabled for free until [33mMon Nov 24 2025[0m. [36mhttps://console-ninja.com/pro[0m

  ▲ Next.js 14.2.33
  - Local:        http://localhost:3000
  - Environments: .env.local

 ✓ Starting...
 ✓ Ready in 1382ms
 ○ Compiling / ...
 ✓ Compiled / in 2.4s (665 modules)
 GET / 200 in 2589ms
 ✓ Compiled in 149ms (300 modules)
 ○ Compiling /login ...
 ✓ Compiled /login in 765ms (690 modules)
 ✓ Compiled /register in 195ms (696 modules)
 ✓ Compiled /dashboard in 168ms (704 modules)
 ✓ Compiled /teams in 164ms (710 modules)
 ✓ Compiled /tasks in 231ms (716 modules)
 ✓ Compiled /projects in 198ms (718 modules)
 ⨯ ./src/app/tasks/page.tsx:4:1
Module not found: Can't resolve './TasksContent'
[0m [90m 2 |[39m[0m
[0m [90m 3 |[39m [36mimport[39m { [33mSuspense[39m } [36mfrom[39m [32m'react'[39m[33m;[39m[0m
[0m[31m[1m>[22m[39m[90m 4 |[39m [36mimport[39m [33mTasksContent[39m [36mfrom[39m [32m'./TasksContent'[39m[33m;[39m[0m
[0m [90m   |[39m [31m[1m^[22m[39m[0m
[0m [90m 5 |[39m [36mimport[39m [33mLayout[39m [36mfrom[39m [32m'@/components/Layout'[39m[33m;[39m[0m
[0m [90m 6 |[39m[0m
[0m [90m 7 |[39m [36mexport[39m [36mdefault[39m [36mfunction[39m [33mTasksPage[39m() {[0m

https://nextjs.org/docs/messages/module-not-found
 ✓ Compiled in 307ms (730 modules)
 ⨯ Error: Cannot find module './196.js'
Require stack:
- /Users/mdnasirulislamchowdhury/Code/PH/smart-task-manager/frontend/.next/server/webpack-runtime.js
- /Users/mdnasirulislamchowdhury/Code/PH/smart-task-manager/frontend/.next/server/app/login/page.js
- /Users/mdnasirulislamchowdhury/Code/PH/smart-task-manager/frontend/node_modules/next/dist/server/require.js
- /Users/mdnasirulislamchowdhury/Code/PH/smart-task-manager/frontend/node_modules/next/dist/server/load-components.js
- /Users/mdnasirulislamchowdhury/Code/PH/smart-task-manager/frontend/node_modules/next/dist/build/utils.js
- /Users/mdnasirulislamchowdhury/Code/PH/smart-task-manager/frontend/node_modules/next/dist/server/dev/hot-middleware.js
- /Users/mdnasirulislamchowdhury/Code/PH/smart-task-manager/frontend/node_modules/next/dist/server/dev/hot-reloader-webpack.js
- /Users/mdnasirulislamchowdhury/Code/PH/smart-task-manager/frontend/node_modules/next/dist/server/lib/router-utils/setup-dev-bundler.js
- /Users/mdnasirulislamchowdhury/Code/PH/smart-task-manager/frontend/node_modules/next/dist/server/lib/router-server.js
- /Users/mdnasirulislamchowdhury/Code/PH/smart-task-manager/frontend/node_modules/next/dist/server/lib/start-server.js
    at Module._resolveFilename (node:internal/modules/cjs/loader:1207:15)
    at /Users/mdnasirulislamchowdhury/Code/PH/smart-task-manager/frontend/node_modules/next/dist/server/require-hook.js:55:36
    at Module._load (node:internal/modules/cjs/loader:1038:27)
    at Module.require (node:internal/modules/cjs/loader:1289:19)
    at mod.require (/Users/mdnasirulislamchowdhury/Code/PH/smart-task-manager/frontend/node_modules/next/dist/server/require-hook.js:65:28)
    at require (node:internal/modules/helpers:182:18)
    at __webpack_require__.f.require (/Users/mdnasirulislamchowdhury/Code/PH/smart-task-manager/frontend/.next/server/webpack-runtime.js:198:28)
    at /Users/mdnasirulislamchowdhury/Code/PH/smart-task-manager/frontend/.next/server/webpack-runtime.js:111:40
    at Array.reduce (<anonymous>)
    at __webpack_require__.e (/Users/mdnasirulislamchowdhury/Code/PH/smart-task-manager/frontend/.next/server/webpack-runtime.js:110:67)
    at Array.map (<anonymous>)
    at __webpack_require__.X (/Users/mdnasirulislamchowdhury/Code/PH/smart-task-manager/frontend/.next/server/webpack-runtime.js:162:22)
    at /Users/mdnasirulislamchowdhury/Code/PH/smart-task-manager/frontend/.next/server/app/login/page.js:1:8469
    at Object.<anonymous> (/Users/mdnasirulislamchowdhury/Code/PH/smart-task-manager/frontend/.next/server/app/login/page.js:1:8514)
    at Module._compile (node:internal/modules/cjs/loader:1521:14)
    at Module._extensions..js (node:internal/modules/cjs/loader:1623:10)
    at Module.load (node:internal/modules/cjs/loader:1266:32)
    at Module._load (node:internal/modules/cjs/loader:1091:12)
    at Module.require (node:internal/modules/cjs/loader:1289:19)
    at mod.require (/Users/mdnasirulislamchowdhury/Code/PH/smart-task-manager/frontend/node_modules/next/dist/server/require-hook.js:65:28)
    at require (node:internal/modules/helpers:182:18)
    at requirePage (/Users/mdnasirulislamchowdhury/Code/PH/smart-task-manager/frontend/node_modules/next/dist/server/require.js:109:84)
    at /Users/mdnasirulislamchowdhury/Code/PH/smart-task-manager/frontend/node_modules/next/dist/server/load-components.js:103:84
    at async loadComponentsImpl (/Users/mdnasirulislamchowdhury/Code/PH/smart-task-manager/frontend/node_modules/next/dist/server/load-components.js:103:26)
    at async DevServer.findPageComponentsImpl (/Users/mdnasirulislamchowdhury/Code/PH/smart-task-manager/frontend/node_modules/next/dist/server/next-server.js:714:36)
    at async DevServer.findPageComponents (/Users/mdnasirulislamchowdhury/Code/PH/smart-task-manager/frontend/node_modules/next/dist/server/dev/next-dev-server.js:577:20)
    at async DevServer.renderPageComponent (/Users/mdnasirulislamchowdhury/Code/PH/smart-task-manager/frontend/node_modules/next/dist/server/base-server.js:1910:24)
    at async DevServer.renderToResponseImpl (/Users/mdnasirulislamchowdhury/Code/PH/smart-task-manager/frontend/node_modules/next/dist/server/base-server.js:1962:32)
    at async DevServer.pipeImpl (/Users/mdnasirulislamchowdhury/Code/PH/smart-task-manager/frontend/node_modules/next/dist/server/base-server.js:922:25)
    at async NextNodeServer.handleCatchallRenderRequest (/Users/mdnasirulislamchowdhury/Code/PH/smart-task-manager/frontend/node_modules/next/dist/server/next-server.js:272:17)
    at async DevServer.handleRequestImpl (/Users/mdnasirulislamchowdhury/Code/PH/smart-task-manager/frontend/node_modules/next/dist/server/base-server.js:818:17)
    at async /Users/mdnasirulislamchowdhury/Code/PH/smart-task-manager/frontend/node_modules/next/dist/server/dev/next-dev-server.js:339:20
    at async Span.traceAsyncFn (/Users/mdnasirulislamchowdhury/Code/PH/smart-task-manager/frontend/node_modules/next/dist/trace/trace.js:154:20)
    at async DevServer.handleRequest (/Users/mdnasirulislamchowdhury/Code/PH/smart-task-manager/frontend/node_modules/next/dist/server/dev/next-dev-server.js:336:24)
    at async invokeRender (/Users/mdnasirulislamchowdhury/Code/PH/smart-task-manager/frontend/node_modules/next/dist/server/lib/router-server.js:179:21)
    at async handleRequest (/Users/mdnasirulislamchowdhury/Code/PH/smart-task-manager/frontend/node_modules/next/dist/server/lib/router-server.js:359:24)
    at async requestHandlerImpl (/Users/mdnasirulislamchowdhury/Code/PH/smart-task-manager/frontend/node_modules/next/dist/server/lib/router-server.js:383:13)
    at async Server.requestListener (/Users/mdnasirulislamchowdhury/Code/PH/smart-task-manager/frontend/node_modules/next/dist/server/lib/start-server.js:143:13) {
  code: 'MODULE_NOT_FOUND',
  requireStack: [
    '/Users/mdnasirulislamchowdhury/Code/PH/smart-task-manager/frontend/.next/server/webpack-runtime.js',
    '/Users/mdnasirulislamchowdhury/Code/PH/smart-task-manager/frontend/.next/server/app/login/page.js',
    '/Users/mdnasirulislamchowdhury/Code/PH/smart-task-manager/frontend/node_modules/next/dist/server/require.js',
    '/Users/mdnasirulislamchowdhury/Code/PH/smart-task-manager/frontend/node_modules/next/dist/server/load-components.js',
    '/Users/mdnasirulislamchowdhury/Code/PH/smart-task-manager/frontend/node_modules/next/dist/build/utils.js',
    '/Users/mdnasirulislamchowdhury/Code/PH/smart-task-manager/frontend/node_modules/next/dist/server/dev/hot-middleware.js',
    '/Users/mdnasirulislamchowdhury/Code/PH/smart-task-manager/frontend/node_modules/next/dist/server/dev/hot-reloader-webpack.js',
    '/Users/mdnasirulislamchowdhury/Code/PH/smart-task-manager/frontend/node_modules/next/dist/server/lib/router-utils/setup-dev-bundler.js',
    '/Users/mdnasirulislamchowdhury/Code/PH/smart-task-manager/frontend/node_modules/next/dist/server/lib/router-server.js',
    '/Users/mdnasirulislamchowdhury/Code/PH/smart-task-manager/frontend/node_modules/next/dist/server/lib/start-server.js'
  ],
  page: '/login'
}
 ○ Compiling /_error ...
 ✓ Compiled /_error in 681ms (942 modules)
 GET /login 200 in 83ms
 ✓ Compiled /_not-found in 287ms (945 modules)
 GET /_next/static/chunks/main-app.js?v=1763540118732 404 in 374ms
 GET /_next/static/css/app/layout.css?v=1763540118732 404 in 376ms
 GET /_next/static/chunks/app-pages-internals.js 404 in 352ms
 GET /_next/static/chunks/app/login/page.js 404 in 12ms
<w> [webpack.cache.PackFileCacheStrategy] Caching failed for pack: Error: ENOENT: no such file or directory, lstat '/Users/mdnasirulislamchowdhury/Code/PH/smart-task-manager/frontend/.next/server/vendor-chunks/es-object-atoms.js'
<w> [webpack.cache.PackFileCacheStrategy/webpack.FileSystemInfo] Resolving './vendor-chunks/es-object-atoms' in /Users/mdnasirulislamchowdhury/Code/PH/smart-task-manager/frontend/.next/server for build dependencies doesn't lead to expected result '/Users/mdnasirulislamchowdhury/Code/PH/smart-task-manager/frontend/.next/server/vendor-chunks/es-object-atoms.js', but to 'Error: Can't resolve './vendor-chunks/es-object-atoms' in '/Users/mdnasirulislamchowdhury/Code/PH/smart-task-manager/frontend/.next/server'' instead. Resolving dependencies are ignored for this path.
<w>  at resolve commonjs file ./vendor-chunks/es-object-atoms (expected /Users/mdnasirulislamchowdhury/Code/PH/smart-task-manager/frontend/.next/server/vendor-chunks/es-object-atoms.js)
<w>  at file dependencies /Users/mdnasirulislamchowdhury/Code/PH/smart-task-manager/frontend/.next/server/webpack-runtime.js
<w>  at file /Users/mdnasirulislamchowdhury/Code/PH/smart-task-manager/frontend/.next/server/webpack-runtime.js
<w>  at file dependencies /Users/mdnasirulislamchowdhury/Code/PH/smart-task-manager/frontend/.next/server/app/_not-found/page.js
<w>  at file /Users/mdnasirulislamchowdhury/Code/PH/smart-task-manager/frontend/.next/server/app/_not-found/page.js
<w>  at file dependencies /Users/mdnasirulislamchowdhury/Code/PH/smart-task-manager/frontend/node_modules/next/dist/server/require.js
<w>  at file /Users/mdnasirulislamchowdhury/Code/PH/smart-task-manager/frontend/node_modules/next/dist/server/require.js
<w>  at file dependencies /Users/mdnasirulislamchowdhury/Code/PH/smart-task-manager/frontend/node_modules/next/dist/server/load-components.js
<w>  at file /Users/mdnasirulislamchowdhury/Code/PH/smart-task-manager/frontend/node_modules/next/dist/server/load-components.js
<w>  at file dependencies /Users/mdnasirulislamchowdhury/Code/PH/smart-task-manager/frontend/node_modules/next/dist/build/utils.js
<w>  at file /Users/mdnasirulislamchowdhury/Code/PH/smart-task-manager/frontend/node_modules/next/dist/build/utils.js
<w>  at file dependencies /Users/mdnasirulislamchowdhury/Code/PH/smart-task-manager/frontend/node_modules/next/dist/build/webpack/loaders/next-route-loader/index.js
<w>  at file /Users/mdnasirulislamchowdhury/Code/PH/smart-task-manager/frontend/node_modules/next/dist/build/webpack/loaders/next-route-loader/index.js
<w>  at resolve commonjs /Users/mdnasirulislamchowdhury/Code/PH/smart-task-manager/frontend/node_modules/next/dist/build/webpack/loaders/next-route-loader/index.js
<w> [webpack.cache.PackFileCacheStrategy/webpack.FileSystemInfo] Resolving './vendor-chunks/has-tostringtag' in /Users/mdnasirulislamchowdhury/Code/PH/smart-task-manager/frontend/.next/server for build dependencies doesn't lead to expected result '/Users/mdnasirulislamchowdhury/Code/PH/smart-task-manager/frontend/.next/server/vendor-chunks/has-tostringtag.js', but to 'Error: Can't resolve './vendor-chunks/has-tostringtag' in '/Users/mdnasirulislamchowdhury/Code/PH/smart-task-manager/frontend/.next/server'' instead. Resolving dependencies are ignored for this path.
<w>  at resolve commonjs file ./vendor-chunks/has-tostringtag (expected /Users/mdnasirulislamchowdhury/Code/PH/smart-task-manager/frontend/.next/server/vendor-chunks/has-tostringtag.js)
<w>  at file dependencies /Users/mdnasirulislamchowdhury/Code/PH/smart-task-manager/frontend/.next/server/webpack-runtime.js
<w>  at file /Users/mdnasirulislamchowdhury/Code/PH/smart-task-manager/frontend/.next/server/webpack-runtime.js
<w>  at file dependencies /Users/mdnasirulislamchowdhury/Code/PH/smart-task-manager/frontend/.next/server/app/_not-found/page.js
<w>  at file /Users/mdnasirulislamchowdhury/Code/PH/smart-task-manager/frontend/.next/server/app/_not-found/page.js
<w>  at file dependencies /Users/mdnasirulislamchowdhury/Code/PH/smart-task-manager/frontend/node_modules/next/dist/server/require.js
<w>  at file /Users/mdnasirulislamchowdhury/Code/PH/smart-task-manager/frontend/node_modules/next/dist/server/require.js
<w>  at file dependencies /Users/mdnasirulislamchowdhury/Code/PH/smart-task-manager/frontend/node_modules/next/dist/server/load-components.js
<w>  at file /Users/mdnasirulislamchowdhury/Code/PH/smart-task-manager/frontend/node_modules/next/dist/server/load-components.js
<w>  at file dependencies /Users/mdnasirulislamchowdhury/Code/PH/smart-task-manager/frontend/node_modules/next/dist/build/utils.js
<w>  at file /Users/mdnasirulislamchowdhury/Code/PH/smart-task-manager/frontend/node_modules/next/dist/build/utils.js
<w>  at file dependencies /Users/mdnasirulislamchowdhury/Code/PH/smart-task-manager/frontend/node_modules/next/dist/build/webpack/loaders/next-route-loader/index.js
<w>  at file /Users/mdnasirulislamchowdhury/Code/PH/smart-task-manager/frontend/node_modules/next/dist/build/webpack/loaders/next-route-loader/index.js
<w>  at resolve commonjs /Users/mdnasirulislamchowdhury/Code/PH/smart-task-manager/frontend/node_modules/next/dist/build/webpack/loaders/next-route-loader/index.js
   Reload env: .env.local
 ✓ Compiled in 1024ms (940 modules)
   Reload env: .env.local
 ✓ Compiled in 310ms (940 modules)
